<?xml version="1.0" encoding="UTF-8"?>
<!-- Generated by org.testng.reporters.JUnitReportReporter -->
<testsuite hostname="DESKTOP-MEL8REK" failures="0" tests="1" name="test.javacoure.task0.reader.impl.ReaderFromFileImplTest" time="0.017" errors="0" timestamp="2021-09-27T22:36:09 MSK" skipped="0">
  <testcase classname="test.javacoure.task0.reader.impl.ReaderFromFileImplTest" name="testReadFile" time="0.017"/>
  <system-out/>
</testsuite> <!-- test.javacoure.task0.reader.impl.ReaderFromFileImplTest -->
